<?xml version="1.0" encoding="UTF-8"?>
<!-- Generated by org.testng.reporters.JUnitXMLReporter -->
<testsuite ignored="0" hostname="BA-00004674.local" failures="0" tests="8" name="Test Drop Suite" time="165.473" errors="0" timestamp="2020-05-20T17:18:34 WIB">
  <testcase classname="login.loginTest" name="LG_01" time="17.92"/>
  <testcase classname="login.loginTest" name="LG_02" time="10.512"/>
  <testcase classname="login.loginTest" name="LG_03" time="15.613"/>
  <testcase classname="login.loginTest" name="LG_04" time="15.538"/>
  <testcase classname="account.settingAccount" name="ACCN_01" time="29.509"/>
  <testcase classname="download.downloadEmail" name="DWLD_01" time="22.415"/>
  <testcase classname="download.downloadEmail" name="DWLD_02" time="31.966"/>
  <testcase classname="download.downloadEmail" name="DWLD_03" time="21.426"/>
</testsuite> <!-- Test Drop Suite -->
