<?xml version="1.0" encoding="UTF-8"?>
<!-- Generated by org.testng.reporters.JUnitXMLReporter -->
<testsuite ignored="0" hostname="BA-00004674.local" failures="0" tests="4" name="Default test" time="54.926" errors="0" timestamp="2020-05-20T17:11:35 WIB">
  <testcase classname="login.loginTest" name="LG_01" time="15.55"/>
  <testcase classname="login.loginTest" name="LG_02" time="10.033"/>
  <testcase classname="login.loginTest" name="LG_03" time="14.657"/>
  <testcase classname="login.loginTest" name="LG_04" time="14.343"/>
</testsuite> <!-- Default test -->
